<?xml version="1.0" encoding="UTF-8"?>
<robot generator="Robot 3.2.2 (Python 3.8.2 on win32)" generated="20201209 23:39:47.272" rpa="false">
<suite id="s1" name="Valid Login" source="C:\Users\anita.pal\Documents\Login\Selenium\Robots\Tests\valid_login.robot">
<test id="s1-t1" name="Valid Login">
<kw name="Navigate to Homepage" library="resource">
<kw name="Open Browser" library="SeleniumLibrary">
<doc>Opens a new browser instance to the optional ``url``.</doc>
<arguments>
<arg>${SIGN_UP}</arg>
<arg>${BROWSER}</arg>
</arguments>
<msg timestamp="20201209 23:39:47.427" level="INFO">Opening browser 'Chrome' to base url 'https://hedonisticopportunist.github.io/framework_tests/site/login.html'.</msg>
<status status="PASS" starttime="20201209 23:39:47.427" endtime="20201209 23:39:50.871"></status>
</kw>
<kw name="Maximize Browser Window" library="SeleniumLibrary">
<doc>Maximizes current browser window.</doc>
<status status="PASS" starttime="20201209 23:39:50.871" endtime="20201209 23:39:52.991"></status>
</kw>
<kw name="Set Selenium Speed" library="SeleniumLibrary">
<doc>Sets the delay that is waited after each Selenium command.</doc>
<arguments>
<arg>${DELAY}</arg>
</arguments>
<status status="PASS" starttime="20201209 23:39:52.991" endtime="20201209 23:39:52.991"></status>
</kw>
<kw name="Homepage Should Have Valid Title" library="resource">
<kw name="Title Should Be" library="SeleniumLibrary">
<doc>Verifies that the current page title equals ``title``.</doc>
<arguments>
<arg>Login 💀</arg>
</arguments>
<msg timestamp="20201209 23:39:52.997" level="INFO">Page title is 'Login 💀'.</msg>
<status status="PASS" starttime="20201209 23:39:52.992" endtime="20201209 23:39:52.997"></status>
</kw>
<status status="PASS" starttime="20201209 23:39:52.991" endtime="20201209 23:39:52.997"></status>
</kw>
<status status="PASS" starttime="20201209 23:39:47.427" endtime="20201209 23:39:52.997"></status>
</kw>
<kw name="Input Username" library="resource">
<arguments>
<arg>user</arg>
</arguments>
<kw name="Input Text" library="SeleniumLibrary">
<doc>Types the given ``text`` into the text field identified by ``locator``.</doc>
<arguments>
<arg>//*[@id="username"]</arg>
<arg>${username}</arg>
</arguments>
<msg timestamp="20201209 23:39:52.998" level="INFO">Typing text 'user' into text field '//*[@id="username"]'.</msg>
<status status="PASS" starttime="20201209 23:39:52.998" endtime="20201209 23:39:53.085"></status>
</kw>
<status status="PASS" starttime="20201209 23:39:52.997" endtime="20201209 23:39:53.085"></status>
</kw>
<kw name="Input Password" library="resource">
<arguments>
<arg>holden</arg>
</arguments>
<kw name="Input Text" library="SeleniumLibrary">
<doc>Types the given ``text`` into the text field identified by ``locator``.</doc>
<arguments>
<arg>//*[@id="password"]</arg>
<arg>${password}</arg>
</arguments>
<msg timestamp="20201209 23:39:53.085" level="INFO">Typing text 'holden' into text field '//*[@id="password"]'.</msg>
<status status="PASS" starttime="20201209 23:39:53.085" endtime="20201209 23:39:53.168"></status>
</kw>
<status status="PASS" starttime="20201209 23:39:53.085" endtime="20201209 23:39:53.168"></status>
</kw>
<kw name="Submit User Credentials" library="resource">
<kw name="Click Button" library="SeleniumLibrary">
<doc>Clicks the button identified by ``locator``.</doc>
<arguments>
<arg>Login</arg>
</arguments>
<msg timestamp="20201209 23:39:53.169" level="INFO">Clicking button 'Login'.</msg>
<status status="PASS" starttime="20201209 23:39:53.168" endtime="20201209 23:39:54.050"></status>
</kw>
<status status="PASS" starttime="20201209 23:39:53.168" endtime="20201209 23:39:54.050"></status>
</kw>
<kw name="Dashboard Page Should Have Valid Title" library="resource">
<arguments>
<arg>Muppet Musical :P</arg>
</arguments>
<kw name="Location Should Be" library="SeleniumLibrary">
<doc>Verifies that the current URL is exactly ``url``.</doc>
<arguments>
<arg>${DASHBOARD}</arg>
</arguments>
<msg timestamp="20201209 23:39:54.055" level="INFO">Current location is 'https://hedonisticopportunist.github.io/framework_tests/site/dashboard.html'.</msg>
<status status="PASS" starttime="20201209 23:39:54.051" endtime="20201209 23:39:54.055"></status>
</kw>
<kw name="Title Should Be" library="SeleniumLibrary">
<doc>Verifies that the current page title equals ``title``.</doc>
<arguments>
<arg>Dashboard 💀</arg>
</arguments>
<msg timestamp="20201209 23:39:54.061" level="INFO">Page title is 'Dashboard 💀'.</msg>
<status status="PASS" starttime="20201209 23:39:54.056" endtime="20201209 23:39:54.061"></status>
</kw>
<kw name="Element Should Contain" library="SeleniumLibrary">
<doc>Verifies that element ``locator`` contains text ``expected``.</doc>
<arguments>
<arg>css:h1</arg>
<arg>${header_text}</arg>
</arguments>
<msg timestamp="20201209 23:39:54.094" level="INFO">Element 'css:h1' contains text 'Muppet Musical :P'.</msg>
<status status="PASS" starttime="20201209 23:39:54.061" endtime="20201209 23:39:54.094"></status>
</kw>
<status status="PASS" starttime="20201209 23:39:54.050" endtime="20201209 23:39:54.094"></status>
</kw>
<kw name="Close Browser" library="SeleniumLibrary" type="teardown">
<doc>Closes the current browser.</doc>
<status status="PASS" starttime="20201209 23:39:54.094" endtime="20201209 23:39:57.297"></status>
</kw>
<status status="PASS" starttime="20201209 23:39:47.426" endtime="20201209 23:39:57.297" critical="yes"></status>
</test>
<status status="PASS" starttime="20201209 23:39:47.273" endtime="20201209 23:39:57.298"></status>
</suite>
<statistics>
<total>
<stat pass="1" fail="0">Critical Tests</stat>
<stat pass="1" fail="0">All Tests</stat>
</total>
<tag>
</tag>
<suite>
<stat pass="1" fail="0" id="s1" name="Valid Login">Valid Login</stat>
</suite>
</statistics>
<errors>
</errors>
</robot>
